PLINK v1.90b5.1 64-bit (20 Dec 2017)
Options in effect:
  --bfile hapmap1
  --make-bed
  --out hapmap3

Hostname: Vassilys-MacBook-Pro.local
Working directory: /Users/vasa/Projects/tensorflow_dataset/data
Start time: Wed Mar  7 12:05:16 2018

Random number seed: 1520420716
16384 MB RAM detected; reserving 8192 MB for main workspace.
83534 variants loaded from .bim file.
89 people (89 males, 0 females) loaded from .fam.
89 phenotype values loaded from .fam.
Using 1 thread (no multithreaded calculations invoked).
Before main variant filters, 89 founders and 0 nonfounders present.
Calculating allele frequencies... done.
Total genotyping rate is 0.99441.
83534 variants and 89 people pass filters and QC.
Among remaining phenotypes, 44 are cases and 45 are controls.
--make-bed to hapmap3.bed + hapmap3.bim + hapmap3.fam ... done.

End time: Wed Mar  7 12:05:16 2018
